app/build/intermediates/manifest_merge_blame_file/debug/processDebugMainManifest/manifest-merger-blame-debug-report.txt
1<?xml version="1.0" encoding="utf-8"?>
2<manifest xmlns:android="http://schemas.android.com/apk/res/android"
3    package="net.tenbo.hubble"
4    android:versionCode="1"
5    android:versionName="0.1.0" >
6
7    <uses-sdk
8        android:minSdkVersion="26"
9        android:targetSdkVersion="35" />
10
11    <!-- Android 12+ (API 31+) Bluetooth permissions -->
12    <uses-permission
12-->src/main/AndroidManifest.xml:5:5-7:58
13        android:name="android.permission.BLUETOOTH_SCAN"
13-->src/main/AndroidManifest.xml:6:9-57
14        android:usesPermissionFlags="neverForLocation" />
14-->src/main/AndroidManifest.xml:7:9-55
15    <uses-permission android:name="android.permission.BLUETOOTH_ADVERTISE" />
15-->src/main/AndroidManifest.xml:8:5-78
15-->src/main/AndroidManifest.xml:8:22-75
16    <uses-permission android:name="android.permission.BLUETOOTH_CONNECT" />
16-->src/main/AndroidManifest.xml:9:5-76
16-->src/main/AndroidManifest.xml:9:22-73
17
18    <!-- Pre-12 (API 26-30): scanning historically required Bluetooth + location -->
19    <uses-permission
19-->src/main/AndroidManifest.xml:12:5-95
20        android:name="android.permission.BLUETOOTH"
20-->src/main/AndroidManifest.xml:12:22-65
21        android:maxSdkVersion="30" />
21-->src/main/AndroidManifest.xml:12:66-92
22    <uses-permission
22-->src/main/AndroidManifest.xml:13:5-101
23        android:name="android.permission.BLUETOOTH_ADMIN"
23-->src/main/AndroidManifest.xml:13:22-71
24        android:maxSdkVersion="30" />
24-->src/main/AndroidManifest.xml:13:72-98
25    <uses-permission
25-->src/main/AndroidManifest.xml:14:5-16:38
26        android:name="android.permission.ACCESS_FINE_LOCATION"
26-->src/main/AndroidManifest.xml:15:9-63
27        android:maxSdkVersion="30" />
27-->src/main/AndroidManifest.xml:16:9-35
28
29    <uses-feature
29-->src/main/AndroidManifest.xml:18:5-90
30        android:name="android.hardware.bluetooth_le"
30-->src/main/AndroidManifest.xml:18:19-63
31        android:required="true" />
31-->src/main/AndroidManifest.xml:18:64-87
32
33    <!-- Talk to the discovery/relay server + OSM tiles -->
34    <uses-permission android:name="android.permission.INTERNET" />
34-->src/main/AndroidManifest.xml:21:5-67
34-->src/main/AndroidManifest.xml:21:22-64
35    <uses-permission android:name="android.permission.ACCESS_NETWORK_STATE" />
35-->src/main/AndroidManifest.xml:22:5-79
35-->src/main/AndroidManifest.xml:22:22-76
36
37    <!-- Coarse location for the activity heatmap (a k-anonymous geohash cell, never precise) -->
38    <uses-permission android:name="android.permission.ACCESS_COARSE_LOCATION" />
38-->src/main/AndroidManifest.xml:25:5-81
38-->src/main/AndroidManifest.xml:25:22-78
39
40    <!-- Local notifications for new messages / matches (Android 13+) -->
41    <uses-permission android:name="android.permission.POST_NOTIFICATIONS" />
41-->src/main/AndroidManifest.xml:28:5-77
41-->src/main/AndroidManifest.xml:28:22-74
42
43    <!-- Recording voice messages -->
44    <uses-permission android:name="android.permission.RECORD_AUDIO" />
44-->src/main/AndroidManifest.xml:31:5-71
44-->src/main/AndroidManifest.xml:31:22-68
45    <uses-permission android:name="android.permission.WAKE_LOCK" />
45-->[androidx.work:work-runtime:2.9.1] AndroidManifest.xml:23:5-68
45-->[androidx.work:work-runtime:2.9.1] AndroidManifest.xml:23:22-65
46    <uses-permission android:name="android.permission.RECEIVE_BOOT_COMPLETED" />
46-->[androidx.work:work-runtime:2.9.1] AndroidManifest.xml:25:5-81
46-->[androidx.work:work-runtime:2.9.1] AndroidManifest.xml:25:22-78
47    <uses-permission android:name="android.permission.FOREGROUND_SERVICE" />
47-->[androidx.work:work-runtime:2.9.1] AndroidManifest.xml:26:5-77
47-->[androidx.work:work-runtime:2.9.1] AndroidManifest.xml:26:22-74
48
49    <permission
49-->[androidx.core:core:1.13.1] AndroidManifest.xml:22:5-24:47
50        android:name="net.tenbo.hubble.DYNAMIC_RECEIVER_NOT_EXPORTED_PERMISSION"
50-->[androidx.core:core:1.13.1] AndroidManifest.xml:23:9-81
51        android:protectionLevel="signature" />
51-->[androidx.core:core:1.13.1] AndroidManifest.xml:24:9-44
52
53    <uses-permission android:name="net.tenbo.hubble.DYNAMIC_RECEIVER_NOT_EXPORTED_PERMISSION" />
53-->[androidx.core:core:1.13.1] AndroidManifest.xml:26:5-97
53-->[androidx.core:core:1.13.1] AndroidManifest.xml:26:22-94
54
55    <supports-screens
55-->[org.osmdroid:osmdroid-android:6.1.20] AndroidManifest.xml:9:5-12:40
56        android:anyDensity="true"
56-->[org.osmdroid:osmdroid-android:6.1.20] AndroidManifest.xml:10:9-34
57        android:largeScreens="true"
57-->[org.osmdroid:osmdroid-android:6.1.20] AndroidManifest.xml:11:9-36
58        android:normalScreens="true" />
58-->[org.osmdroid:osmdroid-android:6.1.20] AndroidManifest.xml:12:9-37
59
60    <uses-feature
60-->[org.osmdroid:osmdroid-android:6.1.20] AndroidManifest.xml:14:5-16:36
61        android:name="android.hardware.location.network"
61-->[org.osmdroid:osmdroid-android:6.1.20] AndroidManifest.xml:15:9-57
62        android:required="false" />
62-->[org.osmdroid:osmdroid-android:6.1.20] AndroidManifest.xml:16:9-33
63    <uses-feature
63-->[org.osmdroid:osmdroid-android:6.1.20] AndroidManifest.xml:17:5-19:36
64        android:name="android.hardware.location.gps"
64-->[org.osmdroid:osmdroid-android:6.1.20] AndroidManifest.xml:18:9-53
65        android:required="false" />
65-->[org.osmdroid:osmdroid-android:6.1.20] AndroidManifest.xml:19:9-33
66    <uses-feature
66-->[org.osmdroid:osmdroid-android:6.1.20] AndroidManifest.xml:20:5-22:36
67        android:name="android.hardware.telephony"
67-->[org.osmdroid:osmdroid-android:6.1.20] AndroidManifest.xml:21:9-50
68        android:required="false" />
68-->[org.osmdroid:osmdroid-android:6.1.20] AndroidManifest.xml:22:9-33
69    <uses-feature
69-->[org.osmdroid:osmdroid-android:6.1.20] AndroidManifest.xml:23:5-25:36
70        android:name="android.hardware.wifi"
70-->[org.osmdroid:osmdroid-android:6.1.20] AndroidManifest.xml:24:9-45
71        android:required="false" />
71-->[org.osmdroid:osmdroid-android:6.1.20] AndroidManifest.xml:25:9-33
72
73    <application
73-->src/main/AndroidManifest.xml:33:5-47:19
74        android:allowBackup="false"
74-->src/main/AndroidManifest.xml:34:9-36
75        android:appComponentFactory="androidx.core.app.CoreComponentFactory"
75-->[androidx.core:core:1.13.1] AndroidManifest.xml:28:18-86
76        android:debuggable="true"
77        android:extractNativeLibs="false"
78        android:label="Hubble"
78-->src/main/AndroidManifest.xml:35:9-31
79        android:supportsRtl="true"
79-->src/main/AndroidManifest.xml:36:9-35
80        android:theme="@style/Theme.Hubble"
80-->src/main/AndroidManifest.xml:38:9-44
81        android:usesCleartextTraffic="true" >
81-->src/main/AndroidManifest.xml:37:9-44
82        <activity
82-->src/main/AndroidManifest.xml:39:9-46:20
83            android:name="net.tenbo.hubble.app.ui.MainActivity"
83-->src/main/AndroidManifest.xml:40:13-44
84            android:exported="true" >
84-->src/main/AndroidManifest.xml:41:13-36
85            <intent-filter>
85-->src/main/AndroidManifest.xml:42:13-45:29
86                <action android:name="android.intent.action.MAIN" />
86-->src/main/AndroidManifest.xml:43:17-69
86-->src/main/AndroidManifest.xml:43:25-66
87
88                <category android:name="android.intent.category.LAUNCHER" />
88-->src/main/AndroidManifest.xml:44:17-77
88-->src/main/AndroidManifest.xml:44:27-74
89            </intent-filter>
90        </activity>
91
92        <provider
92-->[androidx.work:work-runtime:2.9.1] AndroidManifest.xml:29:9-37:20
93            android:name="androidx.startup.InitializationProvider"
93-->[androidx.work:work-runtime:2.9.1] AndroidManifest.xml:30:13-67
94            android:authorities="net.tenbo.hubble.androidx-startup"
94-->[androidx.work:work-runtime:2.9.1] AndroidManifest.xml:31:13-68
95            android:exported="false" >
95-->[androidx.work:work-runtime:2.9.1] AndroidManifest.xml:32:13-37
96            <meta-data
96-->[androidx.work:work-runtime:2.9.1] AndroidManifest.xml:34:13-36:52
97                android:name="androidx.work.WorkManagerInitializer"
97-->[androidx.work:work-runtime:2.9.1] AndroidManifest.xml:35:17-68
98                android:value="androidx.startup" />
98-->[androidx.work:work-runtime:2.9.1] AndroidManifest.xml:36:17-49
99            <meta-data
99-->[androidx.emoji2:emoji2:1.3.0] AndroidManifest.xml:29:13-31:52
100                android:name="androidx.emoji2.text.EmojiCompatInitializer"
100-->[androidx.emoji2:emoji2:1.3.0] AndroidManifest.xml:30:17-75
101                android:value="androidx.startup" />
101-->[androidx.emoji2:emoji2:1.3.0] AndroidManifest.xml:31:17-49
102            <meta-data
102-->[androidx.lifecycle:lifecycle-process:2.8.6] AndroidManifest.xml:29:13-31:52
103                android:name="androidx.lifecycle.ProcessLifecycleInitializer"
103-->[androidx.lifecycle:lifecycle-process:2.8.6] AndroidManifest.xml:30:17-78
104                android:value="androidx.startup" />
104-->[androidx.lifecycle:lifecycle-process:2.8.6] AndroidManifest.xml:31:17-49
105            <meta-data
105-->[androidx.profileinstaller:profileinstaller:1.3.1] AndroidManifest.xml:29:13-31:52
106                android:name="androidx.profileinstaller.ProfileInstallerInitializer"
106-->[androidx.profileinstaller:profileinstaller:1.3.1] AndroidManifest.xml:30:17-85
107                android:value="androidx.startup" />
107-->[androidx.profileinstaller:profileinstaller:1.3.1] AndroidManifest.xml:31:17-49
108        </provider>
109
110        <service
110-->[androidx.work:work-runtime:2.9.1] AndroidManifest.xml:39:9-45:35
111            android:name="androidx.work.impl.background.systemalarm.SystemAlarmService"
111-->[androidx.work:work-runtime:2.9.1] AndroidManifest.xml:40:13-88
112            android:directBootAware="false"
112-->[androidx.work:work-runtime:2.9.1] AndroidManifest.xml:41:13-44
113            android:enabled="@bool/enable_system_alarm_service_default"
113-->[androidx.work:work-runtime:2.9.1] AndroidManifest.xml:42:13-72
114            android:exported="false" />
114-->[androidx.work:work-runtime:2.9.1] AndroidManifest.xml:43:13-37
115        <service
115-->[androidx.work:work-runtime:2.9.1] AndroidManifest.xml:46:9-52:35
116            android:name="androidx.work.impl.background.systemjob.SystemJobService"
116-->[androidx.work:work-runtime:2.9.1] AndroidManifest.xml:47:13-84
117            android:directBootAware="false"
117-->[androidx.work:work-runtime:2.9.1] AndroidManifest.xml:48:13-44
118            android:enabled="@bool/enable_system_job_service_default"
118-->[androidx.work:work-runtime:2.9.1] AndroidManifest.xml:49:13-70
119            android:exported="true"
119-->[androidx.work:work-runtime:2.9.1] AndroidManifest.xml:50:13-36
120            android:permission="android.permission.BIND_JOB_SERVICE" />
120-->[androidx.work:work-runtime:2.9.1] AndroidManifest.xml:51:13-69
121        <service
121-->[androidx.work:work-runtime:2.9.1] AndroidManifest.xml:53:9-59:35
122            android:name="androidx.work.impl.foreground.SystemForegroundService"
122-->[androidx.work:work-runtime:2.9.1] AndroidManifest.xml:54:13-81
123            android:directBootAware="false"
123-->[androidx.work:work-runtime:2.9.1] AndroidManifest.xml:55:13-44
124            android:enabled="@bool/enable_system_foreground_service_default"
124-->[androidx.work:work-runtime:2.9.1] AndroidManifest.xml:56:13-77
125            android:exported="false" />
125-->[androidx.work:work-runtime:2.9.1] AndroidManifest.xml:57:13-37
126
127        <receiver
127-->[androidx.work:work-runtime:2.9.1] AndroidManifest.xml:61:9-66:35
128            android:name="androidx.work.impl.utils.ForceStopRunnable$BroadcastReceiver"
128-->[androidx.work:work-runtime:2.9.1] AndroidManifest.xml:62:13-88
129            android:directBootAware="false"
129-->[androidx.work:work-runtime:2.9.1] AndroidManifest.xml:63:13-44
130            android:enabled="true"
130-->[androidx.work:work-runtime:2.9.1] AndroidManifest.xml:64:13-35
131            android:exported="false" />
131-->[androidx.work:work-runtime:2.9.1] AndroidManifest.xml:65:13-37
132        <receiver
132-->[androidx.work:work-runtime:2.9.1] AndroidManifest.xml:67:9-77:20
133            android:name="androidx.work.impl.background.systemalarm.ConstraintProxy$BatteryChargingProxy"
133-->[androidx.work:work-runtime:2.9.1] AndroidManifest.xml:68:13-106
134            android:directBootAware="false"
134-->[androidx.work:work-runtime:2.9.1] AndroidManifest.xml:69:13-44
135            android:enabled="false"
135-->[androidx.work:work-runtime:2.9.1] AndroidManifest.xml:70:13-36
136            android:exported="false" >
136-->[androidx.work:work-runtime:2.9.1] AndroidManifest.xml:71:13-37
137            <intent-filter>
137-->[androidx.work:work-runtime:2.9.1] AndroidManifest.xml:73:13-76:29
138                <action android:name="android.intent.action.ACTION_POWER_CONNECTED" />
138-->[androidx.work:work-runtime:2.9.1] AndroidManifest.xml:74:17-87
138-->[androidx.work:work-runtime:2.9.1] AndroidManifest.xml:74:25-84
139                <action android:name="android.intent.action.ACTION_POWER_DISCONNECTED" />
139-->[androidx.work:work-runtime:2.9.1] AndroidManifest.xml:75:17-90
139-->[androidx.work:work-runtime:2.9.1] AndroidManifest.xml:75:25-87
140            </intent-filter>
141        </receiver>
142        <receiver
142-->[androidx.work:work-runtime:2.9.1] AndroidManifest.xml:78:9-88:20
143            android:name="androidx.work.impl.background.systemalarm.ConstraintProxy$BatteryNotLowProxy"
143-->[androidx.work:work-runtime:2.9.1] AndroidManifest.xml:79:13-104
144            android:directBootAware="false"
144-->[androidx.work:work-runtime:2.9.1] AndroidManifest.xml:80:13-44
145            android:enabled="false"
145-->[androidx.work:work-runtime:2.9.1] AndroidManifest.xml:81:13-36
146            android:exported="false" >
146-->[androidx.work:work-runtime:2.9.1] AndroidManifest.xml:82:13-37
147            <intent-filter>
147-->[androidx.work:work-runtime:2.9.1] AndroidManifest.xml:84:13-87:29
148                <action android:name="android.intent.action.BATTERY_OKAY" />
148-->[androidx.work:work-runtime:2.9.1] AndroidManifest.xml:85:17-77
148-->[androidx.work:work-runtime:2.9.1] AndroidManifest.xml:85:25-74
149                <action android:name="android.intent.action.BATTERY_LOW" />
149-->[androidx.work:work-runtime:2.9.1] AndroidManifest.xml:86:17-76
149-->[androidx.work:work-runtime:2.9.1] AndroidManifest.xml:86:25-73
150            </intent-filter>
151        </receiver>
152        <receiver
152-->[androidx.work:work-runtime:2.9.1] AndroidManifest.xml:89:9-99:20
153            android:name="androidx.work.impl.background.systemalarm.ConstraintProxy$StorageNotLowProxy"
153-->[androidx.work:work-runtime:2.9.1] AndroidManifest.xml:90:13-104
154            android:directBootAware="false"
154-->[androidx.work:work-runtime:2.9.1] AndroidManifest.xml:91:13-44
155            android:enabled="false"
155-->[androidx.work:work-runtime:2.9.1] AndroidManifest.xml:92:13-36
156            android:exported="false" >
156-->[androidx.work:work-runtime:2.9.1] AndroidManifest.xml:93:13-37
157            <intent-filter>
157-->[androidx.work:work-runtime:2.9.1] AndroidManifest.xml:95:13-98:29
158                <action android:name="android.intent.action.DEVICE_STORAGE_LOW" />
158-->[androidx.work:work-runtime:2.9.1] AndroidManifest.xml:96:17-83
158-->[androidx.work:work-runtime:2.9.1] AndroidManifest.xml:96:25-80
159                <action android:name="android.intent.action.DEVICE_STORAGE_OK" />
159-->[androidx.work:work-runtime:2.9.1] AndroidManifest.xml:97:17-82
159-->[androidx.work:work-runtime:2.9.1] AndroidManifest.xml:97:25-79
160            </intent-filter>
161        </receiver>
162        <receiver
162-->[androidx.work:work-runtime:2.9.1] AndroidManifest.xml:100:9-109:20
163            android:name="androidx.work.impl.background.systemalarm.ConstraintProxy$NetworkStateProxy"
163-->[androidx.work:work-runtime:2.9.1] AndroidManifest.xml:101:13-103
164            android:directBootAware="false"
164-->[androidx.work:work-runtime:2.9.1] AndroidManifest.xml:102:13-44
165            android:enabled="false"
165-->[androidx.work:work-runtime:2.9.1] AndroidManifest.xml:103:13-36
166            android:exported="false" >
166-->[androidx.work:work-runtime:2.9.1] AndroidManifest.xml:104:13-37
167            <intent-filter>
167-->[androidx.work:work-runtime:2.9.1] AndroidManifest.xml:106:13-108:29
168                <action android:name="android.net.conn.CONNECTIVITY_CHANGE" />
168-->[androidx.work:work-runtime:2.9.1] AndroidManifest.xml:107:17-79
168-->[androidx.work:work-runtime:2.9.1] AndroidManifest.xml:107:25-76
169            </intent-filter>
170        </receiver>
171        <receiver
171-->[androidx.work:work-runtime:2.9.1] AndroidManifest.xml:110:9-121:20
172            android:name="androidx.work.impl.background.systemalarm.RescheduleReceiver"
172-->[androidx.work:work-runtime:2.9.1] AndroidManifest.xml:111:13-88
173            android:directBootAware="false"
173-->[androidx.work:work-runtime:2.9.1] AndroidManifest.xml:112:13-44
174            android:enabled="false"
174-->[androidx.work:work-runtime:2.9.1] AndroidManifest.xml:113:13-36
175            android:exported="false" >
175-->[androidx.work:work-runtime:2.9.1] AndroidManifest.xml:114:13-37
176            <intent-filter>
176-->[androidx.work:work-runtime:2.9.1] AndroidManifest.xml:116:13-120:29
177                <action android:name="android.intent.action.BOOT_COMPLETED" />
177-->[androidx.work:work-runtime:2.9.1] AndroidManifest.xml:117:17-79
177-->[androidx.work:work-runtime:2.9.1] AndroidManifest.xml:117:25-76
178                <action android:name="android.intent.action.TIME_SET" />
178-->[androidx.work:work-runtime:2.9.1] AndroidManifest.xml:118:17-73
178-->[androidx.work:work-runtime:2.9.1] AndroidManifest.xml:118:25-70
179                <action android:name="android.intent.action.TIMEZONE_CHANGED" />
179-->[androidx.work:work-runtime:2.9.1] AndroidManifest.xml:119:17-81
179-->[androidx.work:work-runtime:2.9.1] AndroidManifest.xml:119:25-78
180            </intent-filter>
181        </receiver>
182        <receiver
182-->[androidx.work:work-runtime:2.9.1] AndroidManifest.xml:122:9-131:20
183            android:name="androidx.work.impl.background.systemalarm.ConstraintProxyUpdateReceiver"
183-->[androidx.work:work-runtime:2.9.1] AndroidManifest.xml:123:13-99
184            android:directBootAware="false"
184-->[androidx.work:work-runtime:2.9.1] AndroidManifest.xml:124:13-44
185            android:enabled="@bool/enable_system_alarm_service_default"
185-->[androidx.work:work-runtime:2.9.1] AndroidManifest.xml:125:13-72
186            android:exported="false" >
186-->[androidx.work:work-runtime:2.9.1] AndroidManifest.xml:126:13-37
187            <intent-filter>
187-->[androidx.work:work-runtime:2.9.1] AndroidManifest.xml:128:13-130:29
188                <action android:name="androidx.work.impl.background.systemalarm.UpdateProxies" />
188-->[androidx.work:work-runtime:2.9.1] AndroidManifest.xml:129:17-98
188-->[androidx.work:work-runtime:2.9.1] AndroidManifest.xml:129:25-95
189            </intent-filter>
190        </receiver>
191        <receiver
191-->[androidx.work:work-runtime:2.9.1] AndroidManifest.xml:132:9-142:20
192            android:name="androidx.work.impl.diagnostics.DiagnosticsReceiver"
192-->[androidx.work:work-runtime:2.9.1] AndroidManifest.xml:133:13-78
193            android:directBootAware="false"
193-->[androidx.work:work-runtime:2.9.1] AndroidManifest.xml:134:13-44
194            android:enabled="true"
194-->[androidx.work:work-runtime:2.9.1] AndroidManifest.xml:135:13-35
195            android:exported="true"
195-->[androidx.work:work-runtime:2.9.1] AndroidManifest.xml:136:13-36
196            android:permission="android.permission.DUMP" >
196-->[androidx.work:work-runtime:2.9.1] AndroidManifest.xml:137:13-57
197            <intent-filter>
197-->[androidx.work:work-runtime:2.9.1] AndroidManifest.xml:139:13-141:29
198                <action android:name="androidx.work.diagnostics.REQUEST_DIAGNOSTICS" />
198-->[androidx.work:work-runtime:2.9.1] AndroidManifest.xml:140:17-88
198-->[androidx.work:work-runtime:2.9.1] AndroidManifest.xml:140:25-85
199            </intent-filter>
200        </receiver>
201
202        <activity
202-->[androidx.compose.ui:ui-tooling-android:1.7.2] AndroidManifest.xml:23:9-25:39
203            android:name="androidx.compose.ui.tooling.PreviewActivity"
203-->[androidx.compose.ui:ui-tooling-android:1.7.2] AndroidManifest.xml:24:13-71
204            android:exported="true" />
204-->[androidx.compose.ui:ui-tooling-android:1.7.2] AndroidManifest.xml:25:13-36
205
206        <service
206-->[androidx.room:room-runtime:2.6.1] AndroidManifest.xml:24:9-28:63
207            android:name="androidx.room.MultiInstanceInvalidationService"
207-->[androidx.room:room-runtime:2.6.1] AndroidManifest.xml:25:13-74
208            android:directBootAware="true"
208-->[androidx.room:room-runtime:2.6.1] AndroidManifest.xml:26:13-43
209            android:exported="false" />
209-->[androidx.room:room-runtime:2.6.1] AndroidManifest.xml:27:13-37
210
211        <receiver
211-->[androidx.profileinstaller:profileinstaller:1.3.1] AndroidManifest.xml:34:9-52:20
212            android:name="androidx.profileinstaller.ProfileInstallReceiver"
212-->[androidx.profileinstaller:profileinstaller:1.3.1] AndroidManifest.xml:35:13-76
213            android:directBootAware="false"
213-->[androidx.profileinstaller:profileinstaller:1.3.1] AndroidManifest.xml:36:13-44
214            android:enabled="true"
214-->[androidx.profileinstaller:profileinstaller:1.3.1] AndroidManifest.xml:37:13-35
215            android:exported="true"
215-->[androidx.profileinstaller:profileinstaller:1.3.1] AndroidManifest.xml:38:13-36
216            android:permission="android.permission.DUMP" >
216-->[androidx.profileinstaller:profileinstaller:1.3.1] AndroidManifest.xml:39:13-57
217            <intent-filter>
217-->[androidx.profileinstaller:profileinstaller:1.3.1] AndroidManifest.xml:40:13-42:29
218                <action android:name="androidx.profileinstaller.action.INSTALL_PROFILE" />
218-->[androidx.profileinstaller:profileinstaller:1.3.1] AndroidManifest.xml:41:17-91
218-->[androidx.profileinstaller:profileinstaller:1.3.1] AndroidManifest.xml:41:25-88
219            </intent-filter>
220            <intent-filter>
220-->[androidx.profileinstaller:profileinstaller:1.3.1] AndroidManifest.xml:43:13-45:29
221                <action android:name="androidx.profileinstaller.action.SKIP_FILE" />
221-->[androidx.profileinstaller:profileinstaller:1.3.1] AndroidManifest.xml:44:17-85
221-->[androidx.profileinstaller:profileinstaller:1.3.1] AndroidManifest.xml:44:25-82
222            </intent-filter>
223            <intent-filter>
223-->[androidx.profileinstaller:profileinstaller:1.3.1] AndroidManifest.xml:46:13-48:29
224                <action android:name="androidx.profileinstaller.action.SAVE_PROFILE" />
224-->[androidx.profileinstaller:profileinstaller:1.3.1] AndroidManifest.xml:47:17-88
224-->[androidx.profileinstaller:profileinstaller:1.3.1] AndroidManifest.xml:47:25-85
225            </intent-filter>
226            <intent-filter>
226-->[androidx.profileinstaller:profileinstaller:1.3.1] AndroidManifest.xml:49:13-51:29
227                <action android:name="androidx.profileinstaller.action.BENCHMARK_OPERATION" />
227-->[androidx.profileinstaller:profileinstaller:1.3.1] AndroidManifest.xml:50:17-95
227-->[androidx.profileinstaller:profileinstaller:1.3.1] AndroidManifest.xml:50:25-92
228            </intent-filter>
229        </receiver>
230    </application>
231
232</manifest>